<?xml version="1.0" encoding="UTF-8"?>
<testsuite name="animal_shop.AnimalShopApplicationTests" tests="1" skipped="0" failures="0" errors="0" timestamp="2024-11-19T09:19:26" hostname="X" time="1.021">
  <properties/>
  <testcase name="contextLoads()" classname="animal_shop.AnimalShopApplicationTests" time="1.021"/>
  <system-out><![CDATA[18:19:14.347 [Test worker] INFO org.springframework.test.context.support.AnnotationConfigContextLoaderUtils -- Could not detect default configuration classes for test class [animal_shop.AnimalShopApplicationTests]: AnimalShopApplicationTests does not declare any static, non-private, non-final, nested classes annotated with @Configuration.
18:19:14.609 [Test worker] INFO org.springframework.boot.test.context.SpringBootTestContextBootstrapper -- Found @SpringBootConfiguration animal_shop.Animal_ShopApplication for test class animal_shop.AnimalShopApplicationTests

  .   ____          _            __ _ _
 /\\ / ___'_ __ _ _(_)_ __  __ _ \ \ \ \
( ( )\___ | '_ | '_| | '_ \/ _` | \ \ \ \
 \\/  ___)| |_)| | | | | || (_| |  ) ) ) )
  '  |____| .__|_| |_|_| |_\__, | / / / /
 =========|_|==============|___/=/_/_/_/

 :: Spring Boot ::                (v3.3.5)

2024-11-19T18:19:15.095+09:00  INFO 9036 --- [board] [    Test worker] animal_shop.AnimalShopApplicationTests   : Starting AnimalShopApplicationTests using Java 17.0.0.1 with PID 9036 (started by hyukz in C:\spring_boot_ex\animal_shop_back)
2024-11-19T18:19:15.097+09:00  INFO 9036 --- [board] [    Test worker] animal_shop.AnimalShopApplicationTests   : No active profile set, falling back to 1 default profile: "default"
2024-11-19T18:19:16.425+09:00  INFO 9036 --- [board] [    Test worker] .s.d.r.c.RepositoryConfigurationDelegate : Bootstrapping Spring Data JPA repositories in DEFAULT mode.
2024-11-19T18:19:16.599+09:00  INFO 9036 --- [board] [    Test worker] .s.d.r.c.RepositoryConfigurationDelegate : Finished Spring Data repository scanning in 150 ms. Found 8 JPA repository interfaces.
2024-11-19T18:19:17.958+09:00  INFO 9036 --- [board] [    Test worker] o.hibernate.jpa.internal.util.LogHelper  : HHH000204: Processing PersistenceUnitInfo [name: default]
2024-11-19T18:19:18.069+09:00  INFO 9036 --- [board] [    Test worker] org.hibernate.Version                    : HHH000412: Hibernate ORM core version 6.5.3.Final
2024-11-19T18:19:18.153+09:00  INFO 9036 --- [board] [    Test worker] o.h.c.internal.RegionFactoryInitiator    : HHH000026: Second-level cache disabled
2024-11-19T18:19:18.490+09:00  INFO 9036 --- [board] [    Test worker] o.s.o.j.p.SpringPersistenceUnitInfo      : No LoadTimeWeaver setup: ignoring JPA class transformer
2024-11-19T18:19:18.530+09:00  INFO 9036 --- [board] [    Test worker] com.zaxxer.hikari.HikariDataSource       : HikariPool-1 - Starting...
2024-11-19T18:19:18.660+09:00  INFO 9036 --- [board] [    Test worker] com.zaxxer.hikari.pool.HikariPool        : HikariPool-1 - Added connection com.mysql.cj.jdbc.ConnectionImpl@76f9e000
2024-11-19T18:19:18.662+09:00  INFO 9036 --- [board] [    Test worker] com.zaxxer.hikari.HikariDataSource       : HikariPool-1 - Start completed.
2024-11-19T18:19:18.704+09:00  WARN 9036 --- [board] [    Test worker] org.hibernate.orm.deprecation            : HHH90000025: MySQL8Dialect does not need to be specified explicitly using 'hibernate.dialect' (remove the property setting and it will be selected by default)
2024-11-19T18:19:18.704+09:00  WARN 9036 --- [board] [    Test worker] org.hibernate.orm.deprecation            : HHH90000026: MySQL8Dialect has been deprecated; use org.hibernate.dialect.MySQLDialect instead
2024-11-19T18:19:20.449+09:00  INFO 9036 --- [board] [    Test worker] o.h.e.t.j.p.i.JtaPlatformInitiator       : HHH000489: No JTA platform available (set 'hibernate.transaction.jta.platform' to enable JTA platform integration)
2024-11-19T18:19:20.726+09:00  INFO 9036 --- [board] [    Test worker] j.LocalContainerEntityManagerFactoryBean : Initialized JPA EntityManagerFactory for persistence unit 'default'
2024-11-19T18:19:21.661+09:00  INFO 9036 --- [board] [    Test worker] o.s.d.j.r.query.QueryEnhancerFactory     : Hibernate is in classpath; If applicable, HQL parser will be used.
2024-11-19T18:19:23.058+09:00  INFO 9036 --- [board] [    Test worker] a.global.init.DirectoryInitializer       : Directory already exists: C:/animal_shop/comment-image
2024-11-19T18:19:23.059+09:00  INFO 9036 --- [board] [    Test worker] a.global.init.DirectoryInitializer       : Directory already exists: C:/animal_shop/post-image
2024-11-19T18:19:23.060+09:00  INFO 9036 --- [board] [    Test worker] a.global.init.DirectoryInitializer       : Directory already exists: C:/animal_shop/profile-image
2024-11-19T18:19:23.061+09:00  INFO 9036 --- [board] [    Test worker] a.global.init.DirectoryInitializer       : Directory already exists: C:/animal_shop/item-image
2024-11-19T18:19:23.397+09:00  WARN 9036 --- [board] [    Test worker] JpaBaseConfiguration$JpaWebConfiguration : spring.jpa.open-in-view is enabled by default. Therefore, database queries may be performed during view rendering. Explicitly configure spring.jpa.open-in-view to disable this warning
2024-11-19T18:19:23.647+09:00  INFO 9036 --- [board] [    Test worker] r$InitializeUserDetailsManagerConfigurer : Global AuthenticationManager configured with UserDetailsService bean with name userDetailService
2024-11-19T18:19:26.256+09:00  WARN 9036 --- [board] [    Test worker] ion$DefaultTemplateResolverConfiguration : Cannot find template location: classpath:/templates/ (please add some templates, check your Thymeleaf configuration, or set spring.thymeleaf.check-template-location=false)
2024-11-19T18:19:26.522+09:00  INFO 9036 --- [board] [    Test worker] animal_shop.AnimalShopApplicationTests   : Started AnimalShopApplicationTests in 11.701 seconds (process running for 13.8)
]]></system-out>
  <system-err><![CDATA[]]></system-err>
</testsuite>
